Flutter crash report.
Please report a bug at https://github.com/flutter/flutter/issues.

## command

flutter --no-color pub get

## exception

FormatException: FormatException: Unexpected end of input (at character 1)

^


```
#0      _ChunkedJsonParser.fail (dart:convert-patch/convert_patch.dart:1465:5)
#1      _ChunkedJsonParser.close (dart:convert-patch/convert_patch.dart:499:7)
#2      _parseJson (dart:convert-patch/convert_patch.dart:37:10)
#3      JsonDecoder.convert (dart:convert/json.dart:610:36)
#4      JsonCodec.decode (dart:convert/json.dart:216:41)
#5      _DefaultPub._updatePackageConfig (package:flutter_tools/src/dart/pub.dart:708:14)
<asynchronous suspension>
#6      _DefaultPub._updateVersionAndPackageConfig (package:flutter_tools/src/dart/pub.dart:662:5)
<asynchronous suspension>
#7      _DefaultPub.interactively (package:flutter_tools/src/dart/pub.dart:538:7)
<asynchronous suspension>
#8      PackagesGetCommand.runCommand (package:flutter_tools/src/commands/packages.dart:346:7)
<asynchronous suspension>
#9      FlutterCommand.run.<anonymous closure> (package:flutter_tools/src/runner/flutter_command.dart:1408:27)
<asynchronous suspension>
#10     AppContext.run.<anonymous closure> (package:flutter_tools/src/base/context.dart:153:19)
<asynchronous suspension>
#11     CommandRunner.runCommand (package:args/command_runner.dart:212:13)
<asynchronous suspension>
#12     FlutterCommandRunner.runCommand.<anonymous closure> (package:flutter_tools/src/runner/flutter_command_runner.dart:420:9)
<asynchronous suspension>
#13     AppContext.run.<anonymous closure> (package:flutter_tools/src/base/context.dart:153:19)
<asynchronous suspension>
#14     FlutterCommandRunner.runCommand (package:flutter_tools/src/runner/flutter_command_runner.dart:364:5)
<asynchronous suspension>
#15     run.<anonymous closure>.<anonymous closure> (package:flutter_tools/runner.dart:130:9)
<asynchronous suspension>
#16     AppContext.run.<anonymous closure> (package:flutter_tools/src/base/context.dart:153:19)
<asynchronous suspension>
#17     main (package:flutter_tools/executable.dart:93:3)
<asynchronous suspension>
```

## flutter doctor

```
[✓] Flutter (Channel stable, 3.24.5, on Microsoft Windows [Version 10.0.22621.4317], locale en-IN)
    • Flutter version 3.24.5 on channel stable at C:\src\flutter-sdk 3.24.5\flutter
    • Upstream repository https://github.com/flutter/flutter.git
    • Framework revision dec2ee5c1f (4 weeks ago), 2024-11-13 11:13:06 -0800
    • Engine revision a18df97ca5
    • Dart version 3.5.4
    • DevTools version 2.37.3

[✓] Windows Version (Installed version of Windows is version 10 or higher)

[✓] Android toolchain - develop for Android devices (Android SDK version 34.0.0)
    • Android SDK at C:\Users\dds_67\AppData\Local\Android\sdk
    • Platform android-35, build-tools 34.0.0
    • Java binary at: C:\Program Files\Android\Android Studio koala\jbr\bin\java
    • Java version OpenJDK Runtime Environment (build 17.0.10+0--11609105)
    • All Android licenses accepted.

[✓] Chrome - develop for the web
    • Chrome at C:\Users\dds_67\AppData\Local\Google\Chrome\Application\chrome.exe

[✗] Visual Studio - develop Windows apps
    ✗ Visual Studio not installed; this is necessary to develop Windows apps.
      Download at https://visualstudio.microsoft.com/downloads/.
      Please install the "Desktop development with C++" workload, including all of its default components

[!] Android Studio (version 2023.2)
    • Android Studio at C:\Program Files\Android\Android Studio
    • Flutter plugin can be installed from:
      🔨 https://plugins.jetbrains.com/plugin/9212-flutter
    • Dart plugin can be installed from:
      🔨 https://plugins.jetbrains.com/plugin/6351-dart
    ✗ Unable to determine bundled Java version.
    • Try updating or re-installing Android Studio.

[✓] Android Studio (version 2024.1)
    • Android Studio at C:\Program Files\Android\Android Studio koala
    • Flutter plugin can be installed from:
      🔨 https://plugins.jetbrains.com/plugin/9212-flutter
    • Dart plugin can be installed from:
      🔨 https://plugins.jetbrains.com/plugin/6351-dart
    • Java version OpenJDK Runtime Environment (build 17.0.10+0--11609105)

[✓] Connected device (4 available)
    • Infinix X680D (mobile) • 055863209C001427 • android-arm    • Android 10 (API 29)
    • Windows (desktop)      • windows          • windows-x64    • Microsoft Windows [Version 10.0.22621.4317]
    • Chrome (web)           • chrome           • web-javascript • Google Chrome 131.0.6778.140
    • Edge (web)             • edge             • web-javascript • Microsoft Edge 131.0.2903.86

[✓] Network resources
    • All expected network resources are available.

! Doctor found issues in 2 categories.
```
